###############################################################################
#
# IAR ANSI C/C++ Compiler V8.40.2.214/W32 for ARM         21/Mar/2020  13:38:56
# Copyright 1999-2019 IAR Systems AB.
#
#    Cpu mode     =  
#    Endian       =  little
#    Source file  =  C:\GitHub\KursovoyKarkas\main.cpp
#    Command line =
#        -f C:\Users\Serge\AppData\Local\Temp\EW7070.tmp
#        (C:\GitHub\KursovoyKarkas\main.cpp -lC
#        C:\GitHub\KursovoyKarkas\Debug\List -lA
#        C:\GitHub\KursovoyKarkas\Debug\List -o
#        C:\GitHub\KursovoyKarkas\Debug\Obj --no_cse --no_unroll --no_inline
#        --no_code_motion --no_tbaa --no_clustering --no_scheduling --debug
#        --endian=little --cpu=Cortex-M4 -e --fpu=VFPv4_sp --dlib_config
#        "C:\Program Files (x86)\IAR Systems\Embedded Workbench
#        8.3\arm\inc\c\DLib_Config_Normal.h" -I C:\GitHub\KursovoyKarkas\Rtos\
#        -I C:\GitHub\KursovoyKarkas\Rtos\wrapper\ -I
#        C:\GitHub\KursovoyKarkas\Rtos\wrapper\FreeRtos\ -I
#        C:\GitHub\KursovoyKarkas\Rtos\FreeRtos\ -I
#        C:\GitHub\KursovoyKarkas\Rtos\FreeRtos\include\ -I
#        C:\GitHub\KursovoyKarkas\Rtos\FreeRtos\portable\ -I
#        C:\GitHub\KursovoyKarkas\Rtos\FreeRtos\portable\Common\ -I
#        C:\GitHub\KursovoyKarkas\Rtos\FreeRtos\portable\IAR\ -I
#        C:\GitHub\KursovoyKarkas\Rtos\FreeRtos\portable\IAR\ARM_CM4F\ -I
#        C:\GitHub\KursovoyKarkas\Rtos\FreeRtos\portable\MemMang\ -I
#        C:\GitHub\KursovoyKarkas\MyTasks\ -I C:\GitHub\KursovoyKarkas\Common\
#        -I C:\GitHub\KursovoyKarkas\CMSIS\ -I
#        C:\GitHub\KursovoyKarkas\Application\ -I
#        C:\GitHub\KursovoyKarkas\Application\Diagnostic\ -I
#        C:\GitHub\KursovoyKarkas\AHardware\ -I
#        C:\GitHub\KursovoyKarkas\AHardware\GpioPort\ -I
#        C:\GitHub\KursovoyKarkas\AHardware\IrqController\ -I
#        C:\GitHub\KursovoyKarkas\..\CortexLib\AbstractHardware\Pin\ -I
#        C:\GitHub\KursovoyKarkas\..\CortexLib\AbstractHardware\Registers\STM32F411\FieldValues\
#        -I
#        C:\GitHub\KursovoyKarkas\..\CortexLib\AbstractHardware\Registers\STM32F411\
#        -I C:\GitHub\KursovoyKarkas\..\CortexLib\AbstractHardware\Registers\
#        -I C:\GitHub\KursovoyKarkas\..\CortexLib\AbstractHardware\Port\ -I
#        C:\GitHub\KursovoyKarkas\..\CortexLib\AbstractHardware\Atomic\ -I
#        C:\GitHub\KursovoyKarkas\..\CortexLib\Common\ -I
#        C:\GitHub\KursovoyKarkas\..\CortexLib\Common\Singleton\ -Ol --c++
#        --no_exceptions --no_rtti)
#    Locale       =  C
#    List file    =  C:\GitHub\KursovoyKarkas\Debug\List\main.lst
#    Object file  =  C:\GitHub\KursovoyKarkas\Debug\Obj\main.o
#
###############################################################################

C:\GitHub\KursovoyKarkas\main.cpp
      1          #include "rtos.hpp"         // for Rtos

   \                                 In section .rodata, align 1
   \   __absolute bool const std::chrono::system_clock::is_steady
   \                     _ZNSt6chrono12system_clock9is_steadyE:
   \        0x0   0x00               DC8 0

   \                                 In section .rodata, align 1
   \   __absolute bool const std::chrono::system_clock::is_monotonic
   \                     _ZNSt6chrono12system_clock12is_monotonicE:
   \        0x0   0x00               DC8 0

   \                                 In section .rodata, align 1
   \   __absolute bool const std::chrono::steady_clock::is_steady
   \                     _ZNSt6chrono12steady_clock9is_steadyE:
   \        0x0   0x01               DC8 1

   \                                 In section .text, align 2
   \   __interwork __vfp void OsWrapper::RtosWrapper::wStart()
   \                     _ZN9OsWrapper11RtosWrapper6wStartEv: (+1)
   \        0x0   0xB580             PUSH     {R7,LR}
   \        0x2   0x....'....        BL       vTaskStartScheduler
   \        0x6   0xBD01             POP      {R0,PC}          ;; return

   \                                 In section .text, align 2
   \   __interwork __vfp void OsWrapper::Rtos::Start()
   \                     _ZN9OsWrapper4Rtos5StartEv: (+1)
   \        0x0   0xB580             PUSH     {R7,LR}
   \        0x2   0x....'....        BL       _ZN9OsWrapper11RtosWrapper6wStartEv
   \        0x6   0xBD01             POP      {R0,PC}          ;; return
      2          #include "event.hpp"        // for Event
      3          #include "rccregisters.hpp" // for RCC

   \                                 In section .text, align 4
   \   __interwork __vfp void FieldValueBase<RCC_CR_HSION_Values<RCC::CR, 0U, 1U, ReadWriteMode, RCC::RCCCRBase>, RCC::RCCCRBase, 1U>::Set<ReadWriteMode, void>()
   \                     _ZN14FieldValueBaseI19RCC_CR_HSION_ValuesIN3RCC2CRELj0ELj1E13ReadWriteModeNS1_9RCCCRBaseEES4_Lj1EE3SetIS3_vEEvv: (+1)
   \        0x0   0x4903             LDR.N    R1,??Set_0       ;; 0x40023800
   \        0x2   0x6808             LDR      R0,[R1, #+0]
   \        0x4   0x0840             LSRS     R0,R0,#+1
   \        0x6   0x0040             LSLS     R0,R0,#+1
   \        0x8   0xF050 0x0001      ORRS     R0,R0,#0x1
   \        0xC   0x6008             STR      R0,[R1, #+0]
   \        0xE   0x4770             BX       LR               ;; return
   \                     ??Set_0:
   \       0x10   0x4002'3800        DC32     0x40023800

   \                                 In section .text, align 4
   \   __interwork __vfp void FieldValueBase<RCC_CFGR_SW_Values<RCC::CFGR, 0U, 2U, ReadWriteMode, RCC::RCCCFGRBase>, RCC::RCCCFGRBase, 0U>::Set<ReadWriteMode, void>()
   \                     _ZN14FieldValueBaseI18RCC_CFGR_SW_ValuesIN3RCC4CFGRELj0ELj2E13ReadWriteModeNS1_11RCCCFGRBaseEES4_Lj0EE3SetIS3_vEEvv: (+1)
   \        0x0   0x4902             LDR.N    R1,??Set_1       ;; 0x40023808
   \        0x2   0x6808             LDR      R0,[R1, #+0]
   \        0x4   0x0880             LSRS     R0,R0,#+2
   \        0x6   0x0080             LSLS     R0,R0,#+2
   \        0x8   0x6008             STR      R0,[R1, #+0]
   \        0xA   0x4770             BX       LR               ;; return
   \                     ??Set_1:
   \        0xC   0x4002'3808        DC32     0x40023808

   \                                 In section .text, align 4
   \   __interwork __vfp void FieldValueBase<RCC_AHB1ENR_DMA2EN_Values<RCC::APB2ENR, 14U, 1U, ReadWriteMode, RCC::RCCAPB2ENRBase>, RCC::RCCAPB2ENRBase, 1U>::Set<ReadWriteMode, void>()
   \                     _ZN14FieldValueBaseI25RCC_AHB1ENR_DMA2EN_ValuesIN3RCC7APB2ENRELj14ELj1E13ReadWriteModeNS1_14RCCAPB2ENRBaseEES4_Lj1EE3SetIS3_vEEvv: (+1)
   \        0x0   0x4903             LDR.N    R1,??Set_2       ;; 0x40023844
   \        0x2   0x6808             LDR      R0,[R1, #+0]
   \        0x4   0xF430 0x4080      BICS     R0,R0,#0x4000
   \        0x8   0xF450 0x4080      ORRS     R0,R0,#0x4000
   \        0xC   0x6008             STR      R0,[R1, #+0]
   \        0xE   0x4770             BX       LR               ;; return
   \                     ??Set_2:
   \       0x10   0x4002'3844        DC32     0x40023844

   \                                 In section .text, align 4
   \   __interwork __vfp bool FieldValueBase<RCC_CR_HSIRDY_Values<RCC::CR, 1U, 1U, ReadMode, RCC::RCCCRBase>, RCC::RCCCRBase, 0U>::IsSet<ReadMode, void>()
   \                     _ZN14FieldValueBaseI20RCC_CR_HSIRDY_ValuesIN3RCC2CRELj1ELj1E8ReadModeNS1_9RCCCRBaseEES4_Lj0EE5IsSetIS3_vEEbv: (+1)
   \        0x0   0x4804             LDR.N    R0,??IsSet_0     ;; 0x40023800
   \        0x2   0x6800             LDR      R0,[R0, #+0]
   \        0x4   0x0840             LSRS     R0,R0,#+1
   \        0x6   0xF010 0x0001      ANDS     R0,R0,#0x1
   \        0xA   0xF090 0x0001      EORS     R0,R0,#0x1
   \        0xE   0xB2C0             UXTB     R0,R0            ;; ZeroExt  R0,R0,#+24,#+24
   \       0x10   0x4770             BX       LR               ;; return
   \       0x12   0xBF00             Nop      
   \                     ??IsSet_0:
   \       0x14   0x4002'3800        DC32     0x40023800

   \                                 In section .text, align 4
   \   __interwork __vfp bool FieldValueBase<RCC_CFGR_SWS_Values<RCC::CFGR, 2U, 2U, ReadMode, RCC::RCCCFGRBase>, RCC::RCCCFGRBase, 0U>::IsSet<ReadMode, void>()
   \                     _ZN14FieldValueBaseI19RCC_CFGR_SWS_ValuesIN3RCC4CFGRELj2ELj2E8ReadModeNS1_11RCCCFGRBaseEES4_Lj0EE5IsSetIS3_vEEbv: (+1)
   \        0x0   0x4804             LDR.N    R0,??IsSet_1     ;; 0x40023808
   \        0x2   0x6800             LDR      R0,[R0, #+0]
   \        0x4   0xF010 0x0F0C      TST      R0,#0xC
   \        0x8   0xD101             BNE.N    ??IsSet_2
   \        0xA   0x2001             MOVS     R0,#+1
   \        0xC   0xE000             B.N      ??IsSet_3
   \                     ??IsSet_2: (+1)
   \        0xE   0x2000             MOVS     R0,#+0
   \                     ??IsSet_3: (+1)
   \       0x10   0xB2C0             UXTB     R0,R0            ;; ZeroExt  R0,R0,#+24,#+24
   \       0x12   0x4770             BX       LR               ;; return
   \                     ??IsSet_1:
   \       0x14   0x4002'3808        DC32     0x40023808
      4          

   \                                 In section .data, align 4
      5          std::uint32_t SystemCoreClock = 16'000'000U;
   \                     SystemCoreClock:
   \        0x0   0x00F4'2400        DC32 16'000'000
      6          
      7          extern "C" {

   \                                 In section .text, align 2, keep-with-next
      8          int __low_level_init(void)
      9          {
   \                     __low_level_init: (+1)
   \        0x0   0xB580             PUSH     {R7,LR}
     10            //Switch on external 16 MHz oscillator
     11            RCC::CR::HSION::On::Set();
   \        0x2   0x....'....        BL       _ZN14FieldValueBaseI19RCC_CR_HSION_ValuesIN3RCC2CRELj0ELj1E13ReadWriteModeNS1_9RCCCRBaseEES4_Lj1EE3SetIS3_vEEvv
     12            while (RCC::CR::HSIRDY::NotReady::IsSet())
   \                     ??__low_level_init_0: (+1)
   \        0x6   0x....'....        BL       _ZN14FieldValueBaseI20RCC_CR_HSIRDY_ValuesIN3RCC2CRELj1ELj1E8ReadModeNS1_9RCCCRBaseEES4_Lj0EE5IsSetIS3_vEEbv
   \        0xA   0x2800             CMP      R0,#+0
   \        0xC   0xD1FB             BNE.N    ??__low_level_init_0
     13            {
     14          
     15            }
     16            //Switch system clock on external oscillator
     17            RCC::CFGR::SW::Hsi::Set();
   \        0xE   0x....'....        BL       _ZN14FieldValueBaseI18RCC_CFGR_SW_ValuesIN3RCC4CFGRELj0ELj2E13ReadWriteModeNS1_11RCCCFGRBaseEES4_Lj0EE3SetIS3_vEEvv
     18            while (!RCC::CFGR::SWS::Hsi::IsSet())
   \                     ??__low_level_init_1: (+1)
   \       0x12   0x....'....        BL       _ZN14FieldValueBaseI19RCC_CFGR_SWS_ValuesIN3RCC4CFGRELj2ELj2E8ReadModeNS1_11RCCCFGRBaseEES4_Lj0EE5IsSetIS3_vEEbv
   \       0x16   0x2800             CMP      R0,#+0
   \       0x18   0xD0FB             BEQ.N    ??__low_level_init_1
     19            {
     20          
     21            }
     22            
     23            RCC::APB2ENR::SYSCFGEN::Enable::Set(); 
   \       0x1A   0x....'....        BL       _ZN14FieldValueBaseI25RCC_AHB1ENR_DMA2EN_ValuesIN3RCC7APB2ENRELj14ELj1E13ReadWriteModeNS1_14RCCAPB2ENRBaseEES4_Lj1EE3SetIS3_vEEvv
     24            
     25          
     26            return 1;
   \       0x1E   0x2001             MOVS     R0,#+1
   \       0x20   0xBD02             POP      {R1,PC}          ;; return
     27          }
     28          }
     29          
     30          //OsWrapper::Event event{500ms, 1}; //FIXME Чисто для примера
     31          
     32          //MyTask myTask(event, UserButton::GetInstance()); //FIXME Чисто для примера
     33          
     34          

   \                                 In section .text, align 2, keep-with-next
     35          int main()
     36          {
   \                     main: (+1)
   \        0x0   0xB580             PUSH     {R7,LR}
     37            using namespace OsWrapper;
     38            //Rtos::CreateThread(myTask, "myTask", ThreadPriority::lowest);   //FIXME Чисто для примера
     39            Rtos::Start();
   \        0x2   0x....'....        BL       _ZN9OsWrapper4Rtos5StartEv
     40          
     41            return 0;
   \        0x6   0x2000             MOVS     R0,#+0
   \        0x8   0xBD02             POP      {R1,PC}          ;; return
     42          }

   Maximum stack usage in bytes:

   .cstack Function
   ------- --------
       0   FieldValueBase<RCC_AHB1ENR_DMA2EN_Values<RCC::APB2ENR, 14U, 1U, ReadWriteMode, RCC::RCCAPB2ENRBase>, RCC::RCCAPB2ENRBase, 1U>::Set<ReadWriteMode, void>()
       0   FieldValueBase<RCC_CFGR_SWS_Values<RCC::CFGR, 2U, 2U, ReadMode, RCC::RCCCFGRBase>, RCC::RCCCFGRBase, 0U>::IsSet<ReadMode, void>()
       0   FieldValueBase<RCC_CFGR_SW_Values<RCC::CFGR, 0U, 2U, ReadWriteMode, RCC::RCCCFGRBase>, RCC::RCCCFGRBase, 0U>::Set<ReadWriteMode, void>()
       0   FieldValueBase<RCC_CR_HSION_Values<RCC::CR, 0U, 1U, ReadWriteMode, RCC::RCCCRBase>, RCC::RCCCRBase, 1U>::Set<ReadWriteMode, void>()
       0   FieldValueBase<RCC_CR_HSIRDY_Values<RCC::CR, 1U, 1U, ReadMode, RCC::RCCCRBase>, RCC::RCCCRBase, 0U>::IsSet<ReadMode, void>()
       8   OsWrapper::Rtos::Start()
         8   -> OsWrapper::RtosWrapper::wStart()
       8   OsWrapper::RtosWrapper::wStart()
         8   -> vTaskStartScheduler
       8   __low_level_init
         8   -> FieldValueBase<RCC_AHB1ENR_DMA2EN_Values<RCC::APB2ENR, 14U, 1U, ReadWriteMode, RCC::RCCAPB2ENRBase>, RCC::RCCAPB2ENRBase, 1U>::Set<ReadWriteMode, void>()
         8   -> FieldValueBase<RCC_CFGR_SWS_Values<RCC::CFGR, 2U, 2U, ReadMode, RCC::RCCCFGRBase>, RCC::RCCCFGRBase, 0U>::IsSet<ReadMode, void>()
         8   -> FieldValueBase<RCC_CFGR_SW_Values<RCC::CFGR, 0U, 2U, ReadWriteMode, RCC::RCCCFGRBase>, RCC::RCCCFGRBase, 0U>::Set<ReadWriteMode, void>()
         8   -> FieldValueBase<RCC_CR_HSION_Values<RCC::CR, 0U, 1U, ReadWriteMode, RCC::RCCCRBase>, RCC::RCCCRBase, 1U>::Set<ReadWriteMode, void>()
         8   -> FieldValueBase<RCC_CR_HSIRDY_Values<RCC::CR, 1U, 1U, ReadMode, RCC::RCCCRBase>, RCC::RCCCRBase, 0U>::IsSet<ReadMode, void>()
       8   main
         8   -> OsWrapper::Rtos::Start()


   Section sizes:

   Bytes  Function/Label
   -----  --------------
      20  FieldValueBase<RCC_AHB1ENR_DMA2EN_Values<RCC::APB2ENR, 14U, 1U, ReadWriteMode, RCC::RCCAPB2ENRBase>, RCC::RCCAPB2ENRBase, 1U>::Set<ReadWriteMode, void>()
      24  FieldValueBase<RCC_CFGR_SWS_Values<RCC::CFGR, 2U, 2U, ReadMode, RCC::RCCCFGRBase>, RCC::RCCCFGRBase, 0U>::IsSet<ReadMode, void>()
      16  FieldValueBase<RCC_CFGR_SW_Values<RCC::CFGR, 0U, 2U, ReadWriteMode, RCC::RCCCFGRBase>, RCC::RCCCFGRBase, 0U>::Set<ReadWriteMode, void>()
      20  FieldValueBase<RCC_CR_HSION_Values<RCC::CR, 0U, 1U, ReadWriteMode, RCC::RCCCRBase>, RCC::RCCCRBase, 1U>::Set<ReadWriteMode, void>()
      24  FieldValueBase<RCC_CR_HSIRDY_Values<RCC::CR, 1U, 1U, ReadMode, RCC::RCCCRBase>, RCC::RCCCRBase, 0U>::IsSet<ReadMode, void>()
       8  OsWrapper::Rtos::Start()
       8  OsWrapper::RtosWrapper::wStart()
       4  SystemCoreClock
      34  __low_level_init
      10  main
       1  std::chrono::steady_clock::is_steady
       1  std::chrono::system_clock::is_monotonic
       1  std::chrono::system_clock::is_steady
      24  -- Other

 
   4 bytes in section .data
  27 bytes in section .rodata
 164 bytes in section .text
 
 44 bytes of CODE  memory (+ 120 bytes shared)
  0 bytes of CONST memory (+  27 bytes shared)
  4 bytes of DATA  memory

Errors: none
Warnings: none
